Log file open, 05/30/18 07:46:46
LogWindows: Failed to load 'aqProf.dll' (GetLastError=126)
LogWindows: File 'aqProf.dll' does not exist
LogWindows: Failed to load 'VtuneApi.dll' (GetLastError=126)
LogWindows: File 'VtuneApi.dll' does not exist
LogWindows: Failed to load 'VtuneApi32e.dll' (GetLastError=126)
LogWindows: File 'VtuneApi32e.dll' does not exist
LogInit: Display: Running engine for game: MyProject
LogPlatformFile: Not using cached read wrapper
LogInit: Display: RandInit(862767811) SRandInit(862767811).
LogInit: Read version file with build ID '3944462'
LogInit: Overriding engine version to CL 4033788, compatible CL 3944462
LogInit: Registered custom module enumerator with build ID '3944462'
LogTaskGraph: Started task graph with 5 named threads and 23 total threads with 3 sets of task threads.
LogStats: Stats thread started at 0.253498
LogD3D11RHI: Aftermath initialized
LogICUInternationalization: Display: ICU TimeZone Detection - Raw Offset: -3:00, Platform Override: ''
LogPluginManager: Mounting plugin Paper2D
LogPluginManager: Mounting plugin LiveLink
LogPluginManager: Mounting plugin LightPropagationVolume
LogPluginManager: Mounting plugin CLionSourceCodeAccess
LogPluginManager: Mounting plugin CodeLiteSourceCodeAccess
LogPluginManager: Mounting plugin GitSourceControl
LogPluginManager: Mounting plugin KDevelopSourceCodeAccess
LogPluginManager: Mounting plugin NullSourceCodeAccess
LogPluginManager: Mounting plugin PerforceSourceControl
LogPluginManager: Mounting plugin SubversionSourceControl
LogPluginManager: Mounting plugin UObjectPlugin
LogPluginManager: Mounting plugin VisualStudioCodeSourceCodeAccess
LogPluginManager: Mounting plugin VisualStudioSourceCodeAccess
LogPluginManager: Mounting plugin XCodeSourceCodeAccess
LogPluginManager: Mounting plugin AssetManagerEditor
LogPluginManager: Mounting plugin CryptoKeys
LogPluginManager: Mounting plugin DataValidation
LogPluginManager: Mounting plugin FacialAnimation
LogPluginManager: Mounting plugin GameplayTagsEditor
LogPluginManager: Mounting plugin MobileLauncherProfileWizard
LogPluginManager: Mounting plugin PluginBrowser
LogPluginManager: Mounting plugin SpeedTreeImporter
LogPluginManager: Mounting plugin DatasmithContent
LogPluginManager: Mounting plugin AlembicImporter
LogPluginManager: Mounting plugin CharacterAI
LogPluginManager: Mounting plugin HTML5Networking
LogPluginManager: Mounting plugin AndroidMedia
LogPluginManager: Mounting plugin AvfMedia
LogPluginManager: Mounting plugin ImgMedia
LogPluginManager: Mounting plugin LinearTimecode
LogPluginManager: Mounting plugin MediaCompositing
LogPluginManager: Mounting plugin MediaPlayerEditor
LogPluginManager: Mounting plugin WmfMedia
LogPluginManager: Mounting plugin TcpMessaging
LogPluginManager: Mounting plugin UdpMessaging
LogPluginManager: Mounting plugin ActorSequence
LogPluginManager: Mounting plugin LevelSequenceEditor
LogPluginManager: Mounting plugin MatineeToLevelSequence
LogPluginManager: Mounting plugin NetcodeUnitTest
LogPluginManager: Mounting plugin NUTUnrealEngine4
LogPluginManager: Mounting plugin OnlineSubsystemGooglePlay
LogPluginManager: Mounting plugin OnlineSubsystemIOS
LogPluginManager: Mounting plugin OnlineSubsystem
LogPluginManager: Mounting plugin OnlineSubsystemNull
LogPluginManager: Mounting plugin OnlineSubsystemUtils
LogPluginManager: Mounting plugin AndroidDeviceProfileSelector
LogPluginManager: Mounting plugin AndroidMoviePlayer
LogPluginManager: Mounting plugin AndroidPermission
LogPluginManager: Mounting plugin AppleARKit
LogPluginManager: Mounting plugin AppleMoviePlayer
LogPluginManager: Mounting plugin ArchVisCharacter
LogPluginManager: Mounting plugin AudioCapture
LogPluginManager: Mounting plugin CableComponent
LogPluginManager: Mounting plugin CustomMeshComponent
LogPluginManager: Mounting plugin ExampleDeviceProfileSelector
LogPluginManager: Mounting plugin GoogleCloudMessaging
LogPluginManager: Mounting plugin ImmediatePhysics
LogPluginManager: Mounting plugin IOSDeviceProfileSelector
LogPluginManager: Mounting plugin LinuxDeviceProfileSelector
LogPluginManager: Mounting plugin LocationServicesBPLibrary
LogPluginManager: Mounting plugin MobilePatchingUtils
LogPluginManager: Mounting plugin OculusVR
LogPluginManager: Plugin shader directory ../../../Engine/Plugins/Runtime/Oculus/OculusVR/Shaders found
LogPluginManager: Mapping shader source directory ../../../Engine/Plugins/Runtime/Oculus/OculusVR/Shaders to virtual directory /Plugin/OculusVR
LogPluginManager: Mounting plugin PhysXVehicles
LogPluginManager: Mounting plugin ProceduralMeshComponent
LogPluginManager: Mounting plugin RuntimePhysXCooking
LogPluginManager: Mounting plugin SteamVR
LogPluginManager: Mounting plugin WindowsMoviePlayer
LogStreaming: Display: Took  0.074s to configure plugins.
LogModuleManager: Display: Found up-to-date module file ../../../../../Vinicius Oliveira/Git/Replay_Test/MyProject/Binaries/Win64/UE4Editor-MyProject.dll (API version 3944462).
LogModuleManager: Display: Found up-to-date module file ../../../Engine/Plugins/2D/Paper2D/Binaries/Win64/UE4Editor-Paper2D.dll (API version 3944462).
LogModuleManager: Display: Found up-to-date module file ../../../Engine/Plugins/2D/Paper2D/Binaries/Win64/UE4Editor-Paper2DEditor.dll (API version 3944462).
LogModuleManager: Display: Found up-to-date module file ../../../Engine/Plugins/2D/Paper2D/Binaries/Win64/UE4Editor-PaperSpriteSheetImporter.dll (API version 3944462).
LogModuleManager: Display: Found up-to-date module file ../../../Engine/Plugins/2D/Paper2D/Binaries/Win64/UE4Editor-PaperTiledImporter.dll (API version 3944462).
LogModuleManager: Display: Found up-to-date module file ../../../Engine/Plugins/2D/Paper2D/Binaries/Win64/UE4Editor-SmartSnapping.dll (API version 3944462).
LogModuleManager: Display: Found up-to-date module file ../../../Engine/Plugins/Animation/LiveLink/Binaries/Win64/UE4Editor-LiveLink.dll (API version 3944462).
LogModuleManager: Display: Found up-to-date module file ../../../Engine/Plugins/Animation/LiveLink/Binaries/Win64/UE4Editor-LiveLinkEditor.dll (API version 3944462).
LogModuleManager: Display: Found up-to-date module file ../../../Engine/Plugins/Blendables/LightPropagationVolume/Binaries/Win64/UE4Editor-LightPropagationVolumeRuntime.dll (API version 3944462).
LogModuleManager: Display: Found up-to-date module file ../../../Engine/Plugins/Blendables/LightPropagationVolume/Binaries/Win64/UE4Editor-LightPropagationVolumeEditor.dll (API version 3944462).
LogModuleManager: Display: Found up-to-date module file ../../../Engine/Plugins/Developer/CLionSourceCodeAccess/Binaries/Win64/UE4Editor-CLionSourceCodeAccess.dll (API version 3944462).
LogModuleManager: Display: Found up-to-date module file ../../../Engine/Plugins/Developer/GitSourceControl/Binaries/Win64/UE4Editor-GitSourceControl.dll (API version 3944462).
LogModuleManager: Display: Found up-to-date module file ../../../Engine/Plugins/Developer/PerforceSourceControl/Binaries/Win64/UE4Editor-PerforceSourceControl.dll (API version 3944462).
LogModuleManager: Display: Found up-to-date module file ../../../Engine/Plugins/Developer/SubversionSourceControl/Binaries/Win64/UE4Editor-SubversionSourceControl.dll (API version 3944462).
LogModuleManager: Display: Found up-to-date module file ../../../Engine/Plugins/Developer/UObjectPlugin/Binaries/Win64/UE4Editor-UObjectPlugin.dll (API version 3944462).
LogModuleManager: Display: Found up-to-date module file ../../../Engine/Plugins/Developer/VisualStudioCodeSourceCodeAccess/Binaries/Win64/UE4Editor-VisualStudioCodeSourceCodeAccess.dll (API version 3944462).
LogModuleManager: Display: Found up-to-date module file ../../../Engine/Plugins/Developer/VisualStudioSourceCodeAccess/Binaries/Win64/UE4Editor-VisualStudioSourceCodeAccess.dll (API version 3944462).
LogModuleManager: Display: Found up-to-date module file ../../../Engine/Plugins/Editor/AssetManagerEditor/Binaries/Win64/UE4Editor-AssetManagerEditor.dll (API version 3944462).
LogModuleManager: Display: Found up-to-date module file ../../../Engine/Plugins/Editor/CryptoKeys/Binaries/Win64/UE4Editor-CryptoKeys.dll (API version 3944462).
LogModuleManager: Display: Found up-to-date module file ../../../Engine/Plugins/Editor/CryptoKeys/Binaries/Win64/UE4Editor-CryptoKeysOpenSSL.dll (API version 3944462).
LogModuleManager: Display: Found up-to-date module file ../../../Engine/Plugins/Editor/DataValidation/Binaries/Win64/UE4Editor-DataValidation.dll (API version 3944462).
LogModuleManager: Display: Found up-to-date module file ../../../Engine/Plugins/Editor/FacialAnimation/Binaries/Win64/UE4Editor-FacialAnimation.dll (API version 3944462).
LogModuleManager: Display: Found up-to-date module file ../../../Engine/Plugins/Editor/FacialAnimation/Binaries/Win64/UE4Editor-FacialAnimationEditor.dll (API version 3944462).
LogModuleManager: Display: Found up-to-date module file ../../../Engine/Plugins/Editor/GameplayTagsEditor/Binaries/Win64/UE4Editor-GameplayTagsEditor.dll (API version 3944462).
LogModuleManager: Display: Found up-to-date module file ../../../Engine/Plugins/Editor/MobileLauncherProfileWizard/Binaries/Win64/UE4Editor-MobileLauncherProfileWizard.dll (API version 3944462).
LogModuleManager: Display: Found up-to-date module file ../../../Engine/Plugins/Editor/PluginBrowser/Binaries/Win64/UE4Editor-PluginBrowser.dll (API version 3944462).
LogModuleManager: Display: Found up-to-date module file ../../../Engine/Plugins/Editor/SpeedTreeImporter/Binaries/Win64/UE4Editor-SpeedTreeImporter.dll (API version 3944462).
LogModuleManager: Display: Found up-to-date module file ../../../Engine/Plugins/Enterprise/DatasmithContent/Binaries/Win64/UE4Editor-DatasmithContent.dll (API version 3944462).
LogModuleManager: Display: Found up-to-date module file ../../../Engine/Plugins/Experimental/AlembicImporter/Binaries/Win64/UE4Editor-AlembicImporter.dll (API version 3944462).
LogModuleManager: Display: Found up-to-date module file ../../../Engine/Plugins/Experimental/AlembicImporter/Binaries/Win64/UE4Editor-AlembicLibrary.dll (API version 3944462).
LogModuleManager: Display: Found up-to-date module file ../../../Engine/Plugins/Experimental/CharacterAI/Binaries/Win64/UE4Editor-CharacterAI.dll (API version 3944462).
LogModuleManager: Display: Found up-to-date module file ../../../Engine/Plugins/Experimental/HTML5Networking/Binaries/Win64/UE4Editor-HTML5Networking.dll (API version 3944462).
LogModuleManager: Display: Found up-to-date module file ../../../Engine/Plugins/Media/AndroidMedia/Binaries/Win64/UE4Editor-AndroidMediaEditor.dll (API version 3944462).
LogModuleManager: Display: Found up-to-date module file ../../../Engine/Plugins/Media/AndroidMedia/Binaries/Win64/UE4Editor-AndroidMediaFactory.dll (API version 3944462).
LogModuleManager: Display: Found up-to-date module file ../../../Engine/Plugins/Media/AvfMedia/Binaries/Win64/UE4Editor-AvfMediaEditor.dll (API version 3944462).
LogModuleManager: Display: Found up-to-date module file ../../../Engine/Plugins/Media/AvfMedia/Binaries/Win64/UE4Editor-AvfMediaFactory.dll (API version 3944462).
LogModuleManager: Display: Found up-to-date module file ../../../Engine/Plugins/Media/AvfMedia/Binaries/Win64/UE4Editor-AvfMediaFactory.dll (API version 3944462).
LogModuleManager: Display: Found up-to-date module file ../../../Engine/Plugins/Media/ImgMedia/Binaries/Win64/UE4Editor-ImgMedia.dll (API version 3944462).
LogModuleManager: Display: Found up-to-date module file ../../../Engine/Plugins/Media/ImgMedia/Binaries/Win64/UE4Editor-ImgMediaEditor.dll (API version 3944462).
LogModuleManager: Display: Found up-to-date module file ../../../Engine/Plugins/Media/ImgMedia/Binaries/Win64/UE4Editor-ImgMediaFactory.dll (API version 3944462).
LogModuleManager: Display: Found up-to-date module file ../../../Engine/Plugins/Media/ImgMedia/Binaries/Win64/UE4Editor-ImgMediaFactory.dll (API version 3944462).
LogModuleManager: Display: Found up-to-date module file ../../../Engine/Plugins/Media/ImgMedia/Binaries/Win64/UE4Editor-OpenExrWrapper.dll (API version 3944462).
LogModuleManager: Display: Found up-to-date module file ../../../Engine/Plugins/Media/LinearTimecode/Binaries/Win64/UE4Editor-LinearTimecode.dll (API version 3944462).
LogModuleManager: Display: Found up-to-date module file ../../../Engine/Plugins/Media/MediaCompositing/Binaries/Win64/UE4Editor-MediaCompositing.dll (API version 3944462).
LogModuleManager: Display: Found up-to-date module file ../../../Engine/Plugins/Media/MediaCompositing/Binaries/Win64/UE4Editor-MediaCompositingEditor.dll (API version 3944462).
LogModuleManager: Display: Found up-to-date module file ../../../Engine/Plugins/Media/MediaPlayerEditor/Binaries/Win64/UE4Editor-MediaPlayerEditor.dll (API version 3944462).
LogModuleManager: Display: Found up-to-date module file ../../../Engine/Plugins/Media/WmfMedia/Binaries/Win64/UE4Editor-WmfMedia.dll (API version 3944462).
LogModuleManager: Display: Found up-to-date module file ../../../Engine/Plugins/Media/WmfMedia/Binaries/Win64/UE4Editor-WmfMediaEditor.dll (API version 3944462).
LogModuleManager: Display: Found up-to-date module file ../../../Engine/Plugins/Media/WmfMedia/Binaries/Win64/UE4Editor-WmfMediaFactory.dll (API version 3944462).
LogModuleManager: Display: Found up-to-date module file ../../../Engine/Plugins/Media/WmfMedia/Binaries/Win64/UE4Editor-WmfMediaFactory.dll (API version 3944462).
LogModuleManager: Display: Found up-to-date module file ../../../Engine/Plugins/Messaging/TcpMessaging/Binaries/Win64/UE4Editor-TcpMessaging.dll (API version 3944462).
LogModuleManager: Display: Found up-to-date module file ../../../Engine/Plugins/Messaging/UdpMessaging/Binaries/Win64/UE4Editor-UdpMessaging.dll (API version 3944462).
LogModuleManager: Display: Found up-to-date module file ../../../Engine/Plugins/MovieScene/ActorSequence/Binaries/Win64/UE4Editor-ActorSequence.dll (API version 3944462).
LogModuleManager: Display: Found up-to-date module file ../../../Engine/Plugins/MovieScene/LevelSequenceEditor/Binaries/Win64/UE4Editor-LevelSequenceEditor.dll (API version 3944462).
LogModuleManager: Display: Found up-to-date module file ../../../Engine/Plugins/MovieScene/MatineeToLevelSequence/Binaries/Win64/UE4Editor-MatineeToLevelSequence.dll (API version 3944462).
LogModuleManager: Display: Found up-to-date module file ../../../Engine/Plugins/NetcodeUnitTest/NetcodeUnitTest/Binaries/Win64/UE4Editor-NetcodeUnitTest.dll (API version 3944462).
LogModuleManager: Display: Found up-to-date module file ../../../Engine/Plugins/NetcodeUnitTest/NUTUnrealEngine4/Binaries/Win64/UE4Editor-NUTUnrealEngine4.dll (API version 3944462).
LogModuleManager: Display: Found up-to-date module file ../../../Engine/Plugins/Online/OnlineSubsystem/Binaries/Win64/UE4Editor-OnlineSubsystem.dll (API version 3944462).
LogModuleManager: Display: Found up-to-date module file ../../../Engine/Plugins/Online/OnlineSubsystemNull/Binaries/Win64/UE4Editor-OnlineSubsystemNull.dll (API version 3944462).
LogModuleManager: Display: Found up-to-date module file ../../../Engine/Plugins/Online/OnlineSubsystemUtils/Binaries/Win64/UE4Editor-OnlineSubsystemUtils.dll (API version 3944462).
LogModuleManager: Display: Found up-to-date module file ../../../Engine/Plugins/Online/OnlineSubsystemUtils/Binaries/Win64/UE4Editor-OnlineBlueprintSupport.dll (API version 3944462).
LogModuleManager: Display: Found up-to-date module file ../../../Engine/Plugins/Runtime/AndroidDeviceProfileSelector/Binaries/Win64/UE4Editor-AndroidDeviceProfileSelector.dll (API version 3944462).
LogModuleManager: Display: Found up-to-date module file ../../../Engine/Plugins/Runtime/AndroidPermission/Binaries/Win64/UE4Editor-AndroidPermission.dll (API version 3944462).
LogModuleManager: Display: Found up-to-date module file ../../../Engine/Plugins/Runtime/AppleARKit/Binaries/Win64/UE4Editor-AppleARKit.dll (API version 3944462).
LogModuleManager: Display: Found up-to-date module file ../../../Engine/Plugins/Runtime/ArchVisCharacter/Binaries/Win64/UE4Editor-ArchVisCharacter.dll (API version 3944462).
LogModuleManager: Display: Found up-to-date module file ../../../Engine/Plugins/Runtime/AudioCapture/Binaries/Win64/UE4Editor-AudioCapture.dll (API version 3944462).
LogModuleManager: Display: Found up-to-date module file ../../../Engine/Plugins/Runtime/AudioCapture/Binaries/Win64/UE4Editor-AudioCaptureEditor.dll (API version 3944462).
LogModuleManager: Display: Found up-to-date module file ../../../Engine/Plugins/Runtime/CableComponent/Binaries/Win64/UE4Editor-CableComponent.dll (API version 3944462).
LogModuleManager: Display: Found up-to-date module file ../../../Engine/Plugins/Runtime/CustomMeshComponent/Binaries/Win64/UE4Editor-CustomMeshComponent.dll (API version 3944462).
LogModuleManager: Display: Found up-to-date module file ../../../Engine/Plugins/Runtime/ExampleDeviceProfileSelector/Binaries/Win64/UE4Editor-ExampleDeviceProfileSelector.dll (API version 3944462).
LogModuleManager: Display: Found up-to-date module file ../../../Engine/Plugins/Runtime/ImmediatePhysics/Binaries/Win64/UE4Editor-ImmediatePhysics.dll (API version 3944462).
LogModuleManager: Display: Found up-to-date module file ../../../Engine/Plugins/Runtime/ImmediatePhysics/Binaries/Win64/UE4Editor-ImmediatePhysicsEditor.dll (API version 3944462).
LogModuleManager: Display: Found up-to-date module file ../../../Engine/Plugins/Runtime/LocationServicesBPLibrary/Binaries/Win64/UE4Editor-LocationServicesBPLibrary.dll (API version 3944462).
LogModuleManager: Display: Found up-to-date module file ../../../Engine/Plugins/Runtime/MobilePatchingUtils/Binaries/Win64/UE4Editor-MobilePatchingUtils.dll (API version 3944462).
LogModuleManager: Display: Found up-to-date module file ../../../Engine/Plugins/Runtime/Oculus/OculusVR/Binaries/Win64/UE4Editor-OculusHMD.dll (API version 3944462).
LogModuleManager: Display: Found up-to-date module file ../../../Engine/Plugins/Runtime/Oculus/OculusVR/Binaries/Win64/UE4Editor-OculusInput.dll (API version 3944462).
LogModuleManager: Display: Found up-to-date module file ../../../Engine/Plugins/Runtime/Oculus/OculusVR/Binaries/Win64/UE4Editor-OculusEditor.dll (API version 3944462).
LogModuleManager: Display: Found up-to-date module file ../../../Engine/Plugins/Runtime/PhysXVehicles/Binaries/Win64/UE4Editor-PhysXVehicles.dll (API version 3944462).
LogModuleManager: Display: Found up-to-date module file ../../../Engine/Plugins/Runtime/PhysXVehicles/Binaries/Win64/UE4Editor-PhysXVehiclesEditor.dll (API version 3944462).
LogModuleManager: Display: Found up-to-date module file ../../../Engine/Plugins/Runtime/ProceduralMeshComponent/Binaries/Win64/UE4Editor-ProceduralMeshComponent.dll (API version 3944462).
LogModuleManager: Display: Found up-to-date module file ../../../Engine/Plugins/Runtime/ProceduralMeshComponent/Binaries/Win64/UE4Editor-ProceduralMeshComponentEditor.dll (API version 3944462).
LogModuleManager: Display: Found up-to-date module file ../../../Engine/Plugins/Runtime/RuntimePhysXCooking/Binaries/Win64/UE4Editor-RuntimePhysXCooking.dll (API version 3944462).
LogModuleManager: Display: Found up-to-date module file ../../../Engine/Plugins/Runtime/Steam/SteamVR/Binaries/Win64/UE4Editor-SteamVR.dll (API version 3944462).
LogModuleManager: Display: Found up-to-date module file ../../../Engine/Plugins/Runtime/Steam/SteamVR/Binaries/Win64/UE4Editor-SteamVRController.dll (API version 3944462).
LogModuleManager: Display: Found up-to-date module file ../../../Engine/Plugins/Runtime/WindowsMoviePlayer/Binaries/Win64/UE4Editor-WindowsMoviePlayer.dll (API version 3944462).
LogInit: Using libcurl 7.47.1
LogInit:  - built for x86_64-pc-win32
LogInit:  - supports SSL with OpenSSL/1.0.2g
LogInit:  - supports HTTP deflate (compression) using libz 1.2.8
LogInit:  - other features:
LogInit:      CURL_VERSION_SSL
LogInit:      CURL_VERSION_LIBZ
LogInit:      CURL_VERSION_IPV6
LogInit:      CURL_VERSION_ASYNCHDNS
LogInit:      CURL_VERSION_LARGEFILE
LogInit:      CURL_VERSION_IDN
LogInit:  CurlRequestOptions (configurable via config and command line):
LogInit:  - bVerifyPeer = false  - Libcurl will NOT verify peer certificate
LogInit:  - bUseHttpProxy = false  - Libcurl will NOT use HTTP proxy
LogInit:  - bDontReuseConnections = false  - Libcurl will reuse connections
LogInit:  - CertBundlePath = nullptr  - Libcurl will use whatever was configured at build time.
LogInit:  - MaxHostConnections = 16  - Libcurl will limit the number of connections to a host
LogInit:  - LocalHostAddr = Default
LogInit: WinSock: version 1.1 (2.2), MaxSocks=32767, MaxUdp=65467
LogInit: WinSock: I am INTERLAB-XPS (192.168.45.219:0)
LogHMD: Failed initializing OVRPlugin 1.21.0
LogInit: Build: ++UE4+Release-4.19-CL-4033788
LogInit: Engine Version: 4.19.2-4033788+++UE4+Release-4.19
LogInit: Compatible Engine Version: 4.19.0-3944462+++UE4+Release-4.19
LogInit: Net CL: 3944462
LogDevObjectVersion: Number of dev versions registered: 18
LogDevObjectVersion:   Dev-Blueprints (B0D832E4-1F89-4F0D-ACCF-7EB736FD4AA2): 10
LogDevObjectVersion:   Dev-Build (E1C64328-A22C-4D53-A36C-8E866417BD8C): 0
LogDevObjectVersion:   Dev-Core (375EC13C-06E4-48FB-B500-84F0262A717E): 2
LogDevObjectVersion:   Dev-Editor (E4B068ED-F494-42E9-A231-DA0B2E46BB41): 23
LogDevObjectVersion:   Dev-Framework (CFFC743F-43B0-4480-9391-14DF171D2073): 33
LogDevObjectVersion:   Dev-Mobile (B02B49B5-BB20-44E9-A304-32B752E40360): 2
LogDevObjectVersion:   Dev-Networking (A4E4105C-59A1-49B5-A7C5-40C4547EDFEE): 0
LogDevObjectVersion:   Dev-Online (39C831C9-5AE6-47DC-9A44-9C173E1C8E7C): 0
LogDevObjectVersion:   Dev-Physics (78F01B33-EBEA-4F98-B9B4-84EACCB95AA2): 0
LogDevObjectVersion:   Dev-Platform (6631380F-2D4D-43E0-8009-CF276956A95A): 0
LogDevObjectVersion:   Dev-Rendering (12F88B9F-8875-4AFC-A67C-D90C383ABD29): 25
LogDevObjectVersion:   Dev-Sequencer (7B5AE74C-D270-4C10-A958-57980B212A5A): 6
LogDevObjectVersion:   Dev-VR (D7296918-1DD6-4BDD-9DE2-64A83CC13884): 1
LogDevObjectVersion:   Dev-LoadTimes (C2A15278-BFE7-4AFE-6C17-90FF531DF755): 1
LogDevObjectVersion:   Private-Geometry (6EACA3D4-40EC-4CC1-B786-8BED09428FC5): 2
LogDevObjectVersion:   Dev-AnimPhys (29E575DD-E0A3-4627-9D10-D276232CDCEA): 16
LogDevObjectVersion:   Dev-ReflectionCapture (6B266CEC-1EC7-4B8F-A30B-E4D90942FC07): 1
LogDevObjectVersion:   Dev-Automation (0DF73D61-A23F-47EA-B727-89E90C41499A): 1
LogInit: Compiled (64-bit): Apr 27 2018 02:06:57
LogInit: Compiled with Visual C++: 19.00.24215.01
LogInit: Build Configuration: Development
LogInit: Branch Name: ++UE4+Release-4.19
LogInit: Command Line:  
LogInit: Base Directory: D:/Epic Games/UE_4.19/Engine/Binaries/Win64/
LogInit: Installed Engine Build: 1
LogStreaming: Display: Took  0.000s to delete old logs.
LogInit: Presizing for max 8388607 objects, including 0 objects not considered by GC, pre-allocating 0 bytes for permanent pool.
LogInit: Object subsystem initialized
[2018.05.30-10.46.47:882][  0]LogInit: Selected Device Profile: [Windows]
[2018.05.30-10.46.47:882][  0]LogInit: Applying CVar settings loaded from the selected device profile: [Windows]
[2018.05.30-10.46.47:903][  0]LogInit: Computer: INTERLAB-XPS
[2018.05.30-10.46.47:903][  0]LogInit: User: INTERLAB
[2018.05.30-10.46.47:903][  0]LogInit: CPU Page size=4096, Cores=4
[2018.05.30-10.46.47:903][  0]LogInit: High frequency timer resolution =4.101569 MHz
[2018.05.30-10.46.47:903][  0]LogMemory: Memory total: Physical=15.9GB (16GB approx)
[2018.05.30-10.46.47:903][  0]LogMemory: Platform Memory Stats for Windows
[2018.05.30-10.46.47:904][  0]LogMemory: Process Physical Memory: 278.59 MB used, 278.59 MB peak
[2018.05.30-10.46.47:904][  0]LogMemory: Process Virtual Memory: 269.79 MB used, 269.79 MB peak
[2018.05.30-10.46.47:904][  0]LogMemory: Physical Memory: 4902.88 MB used,  11384.63 MB free, 16287.50 MB total
[2018.05.30-10.46.47:904][  0]LogMemory: Virtual Memory: 4842.99 MB used,  11384.63 MB free, 134217728.00 MB total
[2018.05.30-10.46.47:915][  0]LogInit: Overriding language with editor language configuration option (en).
[2018.05.30-10.46.47:915][  0]LogInit: Overriding locale with editor locale configuration option (en).
[2018.05.30-10.46.48:215][  0]LogStreaming: Display: Took  0.300s to EndInitTextLocalization.
[2018.05.30-10.46.48:215][  0]LogInit: Setting process to per monitor DPI aware
[2018.05.30-10.46.48:226][  0]LogSlate: New Slate User Created.  User Index 0, Is Virtual User: 0
[2018.05.30-10.46.48:226][  0]LogSlate: Slate User Registered.  User Index 0, Is Virtual User: 0
[2018.05.30-10.46.48:355][  0]LogD3D11RHI: D3D11 adapters:
[2018.05.30-10.46.48:403][  0]LogD3D11RHI:    0. 'NVIDIA GeForce GTX 1070' (Feature Level 11_0)
[2018.05.30-10.46.48:403][  0]LogD3D11RHI:       8096/0/8143 MB DedicatedVideo/DedicatedSystem/SharedSystem, Outputs:1, VendorId:0x10de
[2018.05.30-10.46.48:410][  0]LogD3D11RHI:    1. 'Intel(R) HD Graphics 630' (Feature Level 11_0)
[2018.05.30-10.46.48:410][  0]LogD3D11RHI:       128/0/8143 MB DedicatedVideo/DedicatedSystem/SharedSystem, Outputs:0, VendorId:0x8086
[2018.05.30-10.46.48:411][  0]LogD3D11RHI:    2. 'Microsoft Basic Render Driver' (Feature Level 11_0)
[2018.05.30-10.46.48:411][  0]LogD3D11RHI:       0/0/8143 MB DedicatedVideo/DedicatedSystem/SharedSystem, Outputs:0, VendorId:0x1414
[2018.05.30-10.46.48:411][  0]LogD3D11RHI: Chosen D3D11 Adapter: 0
[2018.05.30-10.46.48:417][  0]LogD3D11RHI: Creating new Direct3DDevice
[2018.05.30-10.46.48:417][  0]LogD3D11RHI:     GPU DeviceId: 0x1b81 (for the marketing name, search the web for "GPU Device Id")
[2018.05.30-10.46.48:417][  0]LogWindows: EnumDisplayDevices:
[2018.05.30-10.46.48:417][  0]LogWindows:    0. 'NVIDIA GeForce GTX 1070' (P:1 D:1)
[2018.05.30-10.46.48:417][  0]LogWindows:    1. 'NVIDIA GeForce GTX 1070' (P:0 D:0)
[2018.05.30-10.46.48:417][  0]LogWindows:    2. 'NVIDIA GeForce GTX 1070' (P:0 D:0)
[2018.05.30-10.46.48:417][  0]LogWindows:    3. 'NVIDIA GeForce GTX 1070' (P:0 D:0)
[2018.05.30-10.46.48:417][  0]LogWindows:    4. 'Intel(R) HD Graphics 630' (P:0 D:0)
[2018.05.30-10.46.48:417][  0]LogWindows:    5. 'Intel(R) HD Graphics 630' (P:0 D:0)
[2018.05.30-10.46.48:417][  0]LogWindows:    6. 'Intel(R) HD Graphics 630' (P:0 D:0)
[2018.05.30-10.46.48:417][  0]LogWindows: DebugString: GetVideoDriverDetailsInvalid PrimaryIsNotTheChoosenAdapter GetVideoDriverDetailsInvalid PrimaryIsNotTheChoosenAdapter GetVideoDriverDetailsInvalid PrimaryIsNotTheChoosenAdapter GetVideoDriverDetailsInvalid PrimaryIsNotTheChoosenAdapter GetVideoDriverDetailsInvalid PrimaryIsNotTheChoosenAdapter GetVideoDriverDetailsInvalid PrimaryIsNotTheChoosenAdapter GetVideoDriverDetailsInvalid PrimaryIsNotTheChoosenAdapter FoundDriverCount:0 
[2018.05.30-10.46.48:417][  0]LogD3D11RHI:     Adapter Name: NVIDIA GeForce GTX 1070
[2018.05.30-10.46.48:417][  0]LogD3D11RHI:   Driver Version: Unknown (internal:Unknown, unified:Unknown)
[2018.05.30-10.46.48:417][  0]LogD3D11RHI:      Driver Date: Unknown
[2018.05.30-10.46.48:417][  0]LogRHI: Texture pool is 5667 MB (70% of 8096 MB)
[2018.05.30-10.46.48:439][  0]LogD3D11RHI: [Aftermath] Aftermath enabled but failed to initialize
[2018.05.30-10.46.48:439][  0]LogD3D11RHI: [Aftermath] Aftermath enabled and primed
[2018.05.30-10.46.48:439][  0]LogD3D11RHI: Async texture creation enabled
[2018.05.30-10.46.48:448][  0]LogD3D11RHI: GPU Timing Frequency: 1000.000000 (Debug: 2 1)
[2018.05.30-10.46.48:491][  0]LogShaderCompilers: Guid format shader working directory is -9 characters bigger than the processId version (../../../../../Vinicius Oliveira/Git/Replay_Test/MyProject/Intermediate/Shaders/WorkingDirectory/3972/).
[2018.05.30-10.46.48:491][  0]LogShaderCompilers: Cleaned the shader compiler working directory 'C:/Users/INTERLAB/AppData/Local/Temp/UnrealShaderWorkingDir/653A45024299BC9526FF49AF6F0A1D87/'.
[2018.05.30-10.46.48:819][  0]LogTemp: Display: Loaded TP AllDesktopTargetPlatform
[2018.05.30-10.46.48:828][  0]LogTemp: Display: Loaded TP MacClientTargetPlatform
[2018.05.30-10.46.48:837][  0]LogTemp: Display: Loaded TP MacNoEditorTargetPlatform
[2018.05.30-10.46.48:846][  0]LogTemp: Display: Loaded TP MacServerTargetPlatform
[2018.05.30-10.46.48:855][  0]LogTemp: Display: Loaded TP MacTargetPlatform
[2018.05.30-10.46.48:864][  0]LogTemp: Display: Loaded TP WindowsClientTargetPlatform
[2018.05.30-10.46.48:873][  0]LogTemp: Display: Loaded TP WindowsNoEditorTargetPlatform
[2018.05.30-10.46.48:882][  0]LogTemp: Display: Loaded TP WindowsServerTargetPlatform
[2018.05.30-10.46.48:886][  0]LogTemp: Display: Loaded TP WindowsTargetPlatform
[2018.05.30-10.46.48:894][  0]LogTemp: Display: Loaded TP Android_ASTCTargetPlatform
[2018.05.30-10.46.48:903][  0]LogTemp: Display: Loaded TP Android_ATCTargetPlatform
[2018.05.30-10.46.48:911][  0]LogTemp: Display: Loaded TP Android_DXTTargetPlatform
[2018.05.30-10.46.48:919][  0]LogTemp: Display: Loaded TP Android_ETC1aTargetPlatform
[2018.05.30-10.46.48:928][  0]LogTemp: Display: Loaded TP Android_ETC1TargetPlatform
[2018.05.30-10.46.48:936][  0]LogTemp: Display: Loaded TP Android_ETC2TargetPlatform
[2018.05.30-10.46.48:953][  0]LogTemp: Display: Loaded TP Android_MultiTargetPlatform
[2018.05.30-10.46.48:953][  0]LogTemp: Display: Loaded TP Android_PVRTCTargetPlatform
[2018.05.30-10.46.48:962][  0]LogTemp: Display: Loaded TP AndroidTargetPlatform
[2018.05.30-10.46.48:962][  0]LogTemp: Display: Loaded TP HTML5TargetPlatform
[2018.05.30-10.46.48:994][  0]LogTemp: Display: Loaded TP IOSTargetPlatform
[2018.05.30-10.46.49:002][  0]LogTemp: Display: Loaded TP TVOSTargetPlatform
[2018.05.30-10.46.49:010][  0]LogTemp: Display: Loaded TP LinuxClientTargetPlatform
[2018.05.30-10.46.49:018][  0]LogTemp: Display: Loaded TP LinuxNoEditorTargetPlatform
[2018.05.30-10.46.49:026][  0]LogTemp: Display: Loaded TP LinuxServerTargetPlatform
[2018.05.30-10.46.49:035][  0]LogTemp: Display: Loaded TP LinuxTargetPlatform
[2018.05.30-10.46.49:035][  0]LogTargetPlatformManager: Display: Building Assets For Windows
[2018.05.30-10.46.49:091][  0]LogXGEController: Cannot use XGE Controller as Incredibuild is not installed on this machine.
[2018.05.30-10.46.49:091][  0]LogShaderCompilers: Cannot use XGE Shader Compiler as Incredibuild is not installed on this machine.
[2018.05.30-10.46.49:091][  0]LogShaderCompilers: Display: Using Local Shader Compiler.
[2018.05.30-10.46.49:545][  0]LogDerivedDataCache: Display: Max Cache Size: 512 MB
[2018.05.30-10.46.49:596][  0]LogDerivedDataCache: Loaded boot cache 0.05s 77MB C:/Users/INTERLAB/AppData/Local/UnrealEngine/4.19/DerivedDataCache/Boot.ddc.
[2018.05.30-10.46.49:596][  0]LogDerivedDataCache: Display: Loaded Boot cache: C:/Users/INTERLAB/AppData/Local/UnrealEngine/4.19/DerivedDataCache/Boot.ddc
[2018.05.30-10.46.49:597][  0]LogDerivedDataCache: FDerivedDataBackendGraph:  Pak pak cache file ../../../../../Vinicius Oliveira/Git/Replay_Test/MyProject/DerivedDataCache/DDC.ddp not found, will not use a pak cache.
[2018.05.30-10.46.49:597][  0]LogDerivedDataCache: Unable to find inner node Pak for hierarchical cache Hierarchy.
[2018.05.30-10.46.49:597][  0]LogDerivedDataCache: FDerivedDataBackendGraph:  CompressedPak pak cache file ../../../../../Vinicius Oliveira/Git/Replay_Test/MyProject/DerivedDataCache/Compressed.ddp not found, will not use a pak cache.
[2018.05.30-10.46.49:597][  0]LogDerivedDataCache: Unable to find inner node CompressedPak for hierarchical cache Hierarchy.
[2018.05.30-10.46.49:608][  0]LogDerivedDataCache: Display: Pak cache opened for reading ../../../Engine/DerivedDataCache/Compressed.ddp.
[2018.05.30-10.46.49:621][  0]LogDerivedDataCache: Using Local data cache path C:/Users/INTERLAB/AppData/Local/UnrealEngine/Common/DerivedDataCache: Writable
[2018.05.30-10.46.49:621][  0]LogDerivedDataCache: Shared data cache path not found in *engine.ini, will not use an Shared cache.
[2018.05.30-10.46.49:621][  0]LogDerivedDataCache: Unable to find inner node Shared for hierarchical cache Hierarchy.
[2018.05.30-10.46.49:629][  0]LogMaterial: Verifying Global Shaders for PCD3D_SM5
[2018.05.30-10.46.49:629][  0]LogSlate: Using Freetype 2.6.0
[2018.05.30-10.46.49:629][  0]LogSlate: SlateFontCache - WITH_FREETYPE: 1, WITH_HARFBUZZ: 1
[2018.05.30-10.46.49:629][  0]LogSlate: SlateFontCache - WITH_FREETYPE: 1, WITH_HARFBUZZ: 1
[2018.05.30-10.46.49:710][  0]LogAssetRegistry: FAssetRegistry took 0.0245 seconds to start up
[2018.05.30-10.46.49:911][  0]LogInit: Selected Device Profile: [Windows]
[2018.05.30-10.46.50:006][  0]LogSimplygon: Simplygon DLL not present - disabling.
[2018.05.30-10.46.50:007][  0]LogMeshReduction: Using SimplygonSwarm for distributed automatic mesh merging
[2018.05.30-10.46.50:007][  0]LogMeshReduction: Using QuadricMeshReduction for automatic static mesh reduction
[2018.05.30-10.46.50:007][  0]LogMeshReduction: No automatic skeletal mesh reduction module available
[2018.05.30-10.46.50:007][  0]LogMeshReduction: No automatic mesh merging module available
[2018.05.30-10.46.50:007][  0]LogMeshMerging: No automatic mesh merging module available
[2018.05.30-10.46.50:025][  0]LogNetVersion: MyProject , NetCL: 3944462, EngineNetVer: 2, GameNetVer: 0 (Checksum: 2475486345)
[2018.05.30-10.46.50:294][  0]LogPackageLocalizationCache: Processed 9 localized package path(s) for 1 prioritized culture(s) in 0.027782 seconds
[2018.05.30-10.46.50:298][  0]LogUObjectArray: 36728 objects as part of root set at end of initial load.
[2018.05.30-10.46.50:298][  0]LogUObjectAllocator: 7314304 out of 0 bytes used by permanent object pool.
[2018.05.30-10.46.50:298][  0]LogUObjectArray: CloseDisregardForGC: 0/0 objects in disregard for GC pool
[2018.05.30-10.46.56:091][  0]LogTcpMessaging: Initializing TcpMessaging bridge
[2018.05.30-10.46.56:130][  0]LogUdpMessaging: Initializing bridge on interface 0.0.0.0:0 to multicast group 230.0.0.1:6666.
[2018.05.30-10.46.57:090][  0]LogUObjectGlobals: Created PersistentFrame Addr=0x0000016d42a9c4f0, Size=72, Default__FirstPerson_AnimBP_C Function /Game/FirstPerson/Animations/FirstPerson_AnimBP.FirstPerson_AnimBP_C:ExecuteUbergraph_FirstPerson_AnimBP
[2018.05.30-10.46.57:182][  0]LogUObjectGlobals: Destroyed PersistentFrame Addr=0x0000016d42a9c4f0, Size=72
[2018.05.30-10.46.57:182][  0]LogUObjectGlobals: Created PersistentFrame Addr=0x0000016d433276f0, Size=72, Default__FirstPerson_AnimBP_C Function /Engine/Transient.REINST_FirstPerson_AnimBP_C_0:ExecuteUbergraph_FirstPerson_AnimBP
[2018.05.30-10.46.57:233][  0]LogUObjectGlobals: Created PersistentFrame Addr=0x0000016d432d5850, Size=72, Default__FirstPerson_AnimBP_C Function /Game/FirstPerson/Animations/FirstPerson_AnimBP.FirstPerson_AnimBP_C:ExecuteUbergraph_FirstPerson_AnimBP
[2018.05.30-10.46.59:758][  0]LogUObjectGlobals: Created PersistentFrame Addr=0x0000016d43b12680, Size=384, Default__FirstPersonCharacter_C Function /Game/FirstPersonCPP/Blueprints/FirstPersonCharacter.FirstPersonCharacter_C:ExecuteUbergraph_FirstPersonCharacter
[2018.05.30-10.46.59:774][  0]LogUObjectGlobals: Destroyed PersistentFrame Addr=0x0000016d43b12680, Size=384
[2018.05.30-10.46.59:774][  0]LogUObjectGlobals: Created PersistentFrame Addr=0x0000016d43ad6680, Size=384, Default__FirstPersonCharacter_C Function /Engine/Transient.REINST_FirstPersonCharacter_C_8:ExecuteUbergraph_FirstPersonCharacter
[2018.05.30-10.46.59:784][  0]LogBlueprint: Warning: [Compiler FirstPersonCharacter] MyProjectCharacter.VR_MuzzleLocation is not blueprint visible (BlueprintReadOnly or BlueprintReadWrite). Please fix mark up or cease accessing as this will be made an error in a future release.  Get VR_MuzzleLocation
[2018.05.30-10.46.59:785][  0]LogBlueprint: Warning: [Compiler FirstPersonCharacter] MyProjectCharacter.Mesh1P is not blueprint visible (BlueprintReadOnly or BlueprintReadWrite). Please fix mark up or cease accessing as this will be made an error in a future release.  Get Mesh1P
[2018.05.30-10.46.59:785][  0]LogBlueprint: Warning: [Compiler FirstPersonCharacter] MyProjectCharacter.FP_MuzzleLocation is not blueprint visible (BlueprintReadOnly or BlueprintReadWrite). Please fix mark up or cease accessing as this will be made an error in a future release.  Get FP_MuzzleLocation
[2018.05.30-10.46.59:786][  0]LogUObjectGlobals: Created PersistentFrame Addr=0x0000016d43a93e80, Size=384, Default__FirstPersonCharacter_C Function /Game/FirstPersonCPP/Blueprints/FirstPersonCharacter.FirstPersonCharacter_C:ExecuteUbergraph_FirstPersonCharacter
[2018.05.30-10.46.59:788][  0]LogBlueprint: Warning: [Compiler FirstPersonCharacter] [0014.21] Compile of FirstPersonCharacter successful, but with 3 Warning(s) [in 21 ms] (/Game/FirstPersonCPP/Blueprints/FirstPersonCharacter.FirstPersonCharacter)
[2018.05.30-10.47.00:255][  0]LogSkeletalMesh: Skeletal Mesh found in DDC [65.320610ms] /Game/FirstPerson/Character/Mesh/SK_Mannequin_Arms.SK_Mannequin_Arms
[2018.05.30-10.47.00:387][  0]LogSkeletalMesh: Skeletal Mesh found in DDC [37.483215ms] /Game/FirstPerson/FPWeapon/Mesh/SK_FPGun.SK_FPGun
[2018.05.30-10.47.00:504][  0]SourceControl: Source control is disabled
[2018.05.30-10.47.00:504][  0]SourceControl: Source control is disabled
[2018.05.30-10.47.00:513][  0]SourceControl: Source control is disabled
[2018.05.30-10.47.00:522][  0]SourceControl: Source control is disabled
[2018.05.30-10.47.01:380][  0]LogAndroidPermission: UAndroidPermissionCallbackProxy::GetInstance
[2018.05.30-10.47.01:609][  0]LogOcInput: OculusInput pre-init called
[2018.05.30-10.47.02:077][  0]LogEngine: Initializing Engine...
[2018.05.30-10.47.02:190][  0]LogHMD: Failed to initialize OpenVR with code 126
[2018.05.30-10.47.02:202][  0]LogStats: UGameplayTagsManager::ConstructGameplayTagTree: Construct from data asset -  0.000 s
[2018.05.30-10.47.02:208][  0]LogStats: UGameplayTagsManager::ConstructGameplayTagTree: GameplayTagTreeChangedEvent.Broadcast -  0.000 s
[2018.05.30-10.47.03:071][  0]LogAIModule: Creating AISystem for world Untitled
[2018.05.30-10.47.03:241][  0]LogInit: XAudio2 using 'Fones de ouvido / Alto falantes (Realtek Audio)' : 2 channels at 48 kHz using 32 bits per sample (channel mask 0x3)
[2018.05.30-10.47.03:548][  0]LogInit: FAudioDevice initialized.
[2018.05.30-10.47.03:634][  0]LogDerivedDataCache: Saved boot cache 0.08s 76MB C:/Users/INTERLAB/AppData/Local/UnrealEngine/4.19/DerivedDataCache/Boot.ddc.
[2018.05.30-10.47.03:638][  0]LogInit: Texture streaming: Enabled
[2018.05.30-10.47.03:646][  0]LogEngineSessionManager: EngineSessionManager initialized
[2018.05.30-10.47.03:743][  0]LogInit: Transaction tracking system initialized
[2018.05.30-10.47.04:012][  0]BlueprintLog: New page: Editor Load
[2018.05.30-10.47.05:067][  0]LocalizationService: Localization service is disabled
[2018.05.30-10.47.05:609][  0]LogConsoleResponse: Display: 
[2018.05.30-10.47.06:954][  0]LogFileCache: Scanning file cache for directory 'D:/Vinicius Oliveira/Git/Replay_Test/MyProject/Content/' took 0.01s
[2018.05.30-10.47.06:954][  0]LogCook: Display: Max memory allowance for cook 16384mb min free memory 0mb
[2018.05.30-10.47.06:954][  0]LogCook: Display: Mobile HDR setting 1
[2018.05.30-10.47.06:954][  0]LogGameplayTags: Display: UGameplayTagsManager::DoneAddingNativeTags. DelegateIsBound: 0
[2018.05.30-10.47.06:954][  0]LogStats: UGameplayTagsManager::ConstructGameplayTagTree: Construct from data asset -  0.000 s
[2018.05.30-10.47.06:954][  0]LogStats: UGameplayTagsManager::ConstructGameplayTagTree: GameplayTagTreeChangedEvent.Broadcast -  0.000 s
[2018.05.30-10.47.08:476][  0]SourceControl: Source control is disabled
[2018.05.30-10.47.08:508][  0]Cmd: MAP LOAD FILE="../../../../../Vinicius Oliveira/Git/Replay_Test/MyProject/Content/FirstPersonCPP/Maps/FirstPersonExampleMap.umap" TEMPLATE=0 SHOWPROGRESS=1 FEATURELEVEL=3
[2018.05.30-10.47.08:529][  0]LightingResults: New page: Lighting Build
[2018.05.30-10.47.08:620][  0]MapCheck: New page: Map Check
[2018.05.30-10.47.08:620][  0]LightingResults: New page: Lighting Build
[2018.05.30-10.47.08:727][  0]LogUObjectGlobals: Destroyed PersistentFrame Addr=0x0000016d433276f0, Size=72
[2018.05.30-10.47.08:727][  0]LogUObjectGlobals: Destroyed PersistentFrame Addr=0x0000016d43ad6680, Size=384
[2018.05.30-10.47.10:068][  0]LogAIModule: Creating AISystem for world FirstPersonExampleMap
[2018.05.30-10.47.11:015][  0]LogEditorServer: Finished looking for orphan Actors (0.000 secs)
[2018.05.30-10.47.11:205][  0]Cmd: MAP CHECKDEP NOCLEARLOG
[2018.05.30-10.47.11:237][  0]MapCheck: Map check complete: 0 Error(s), 0 Warning(s), took 31.368ms to complete.
[2018.05.30-10.47.11:237][  0]LogFileHelpers: Loading map 'FirstPersonExampleMap' took 2.736
[2018.05.30-10.47.13:115][  0]LogCollectionManager: Loaded 0 collections in 0.000788 seconds
[2018.05.30-10.47.13:484][  0]LogFileCache: Scanning file cache for directory 'D:/Vinicius Oliveira/Git/Replay_Test/MyProject/Saved/Collections/' took 0.01s
[2018.05.30-10.47.13:484][  0]LogFileCache: Scanning file cache for directory 'D:/Vinicius Oliveira/Git/Replay_Test/MyProject/Content/Developers/INTERLAB/Collections/' took 0.01s
[2018.05.30-10.47.13:484][  0]LogFileCache: Scanning file cache for directory 'D:/Vinicius Oliveira/Git/Replay_Test/MyProject/Content/Collections/' took 0.01s
[2018.05.30-10.47.13:484][  0]LogCollectionManager: Rebuilt the GUID cache for 0 collections in 0.000000 seconds
[2018.05.30-10.47.13:520][  0]LogContentBrowser: Native class hierarchy populated in 0.0230 seconds. Added 2457 classes and 560 folders.
[2018.05.30-10.47.13:723][  0]LogContentBrowser: Native class hierarchy updated for 'WidgetCarousel' in 0.0004 seconds. Added 0 classes and 0 folders.
[2018.05.30-10.47.15:403][  0]LogContentBrowser: Native class hierarchy updated for 'AddContentDialog' in 0.0004 seconds. Added 0 classes and 0 folders.
[2018.05.30-10.47.15:459][  0]LogContentBrowser: Native class hierarchy updated for 'SceneOutliner' in 0.0005 seconds. Added 1 classes and 2 folders.
[2018.05.30-10.47.16:135][  0]LogSlate: Took 0.012018 seconds to synchronously load lazily loaded font '../../../Engine/Content/Slate/Fonts/Roboto-Regular.ttf' (155K)
[2018.05.30-10.47.16:195][  0]LogSlate: Took 0.059002 seconds to synchronously load lazily loaded font '../../../Engine/Content/Slate/Fonts/Roboto-Bold.ttf' (160K)
[2018.05.30-10.47.16:256][  0]LogSlate: Took 0.026077 seconds to synchronously load lazily loaded font '../../../Engine/Content/Editor/Slate/Fonts/FontAwesome.ttf' (139K)
[2018.05.30-10.47.16:587][  0]LogRenderer: Reallocating scene render targets to support 1004x576 Format 10 NumSamples 1 (Frame:1).
[2018.05.30-10.47.17:005][  0]LogContentBrowser: Native class hierarchy updated for 'HierarchicalLODOutliner' in 0.0005 seconds. Added 0 classes and 0 folders.
[2018.05.30-10.47.17:005][  0]LogLoad: (Engine Initialization) Total time: 31.42 seconds
[2018.05.30-10.47.17:005][  0]LogLoad: (Engine Initialization) Total Blueprint compile time: 0.00 seconds
[2018.05.30-10.47.17:371][  0]LogAssetRegistry: Asset discovery search completed in 27.6823 seconds
[2018.05.30-10.47.17:373][  0]LogCollectionManager: Rebuilt the object cache for 0 collections in 0.000000 seconds (found 0 objects)
[2018.05.30-10.47.17:373][  0]LogCollectionManager: Fixed up redirectors for 0 collections in 0.000049 seconds (updated 0 objects)
[2018.05.30-10.47.17:422][  0]LogContentStreaming: Texture pool size now 1000 MB
[2018.05.30-10.47.17:543][  0]LogSlate: Took 0.013752 seconds to synchronously load lazily loaded font '../../../Engine/Content/Slate/Fonts/Roboto-Light.ttf' (167K)
[2018.05.30-10.47.18:355][  3]LogSlate: Took 0.000235 seconds to synchronously load lazily loaded font '../../../Engine/Content/Slate/Fonts/Roboto-Light.ttf' (167K)
[2018.05.30-10.47.26:807][611]LogSlate: FSceneViewport::OnFocusLost() reason 2
[2018.05.30-10.47.51:988][610]LogSlate: Prevented a slow task dialog from being summoned while a context menu was open
[2018.05.30-10.47.52:474][610]LogContentBrowser: Native class hierarchy updated for 'BlueprintGraph' in 0.0008 seconds. Added 116 classes and 0 folders.
[2018.05.30-10.47.52:764][610]LogUObjectGlobals: Created PersistentFrame Addr=0x0000016d77882cc8, Size=4, Default__SKEL_PROTO_BP_AnimBlueprint_0_C Function /Engine/Transient.SKEL_PROTO_BP_AnimBlueprint_0_C:ExecuteUbergraph_PROTO_BP_AnimBlueprint_0
[2018.05.30-10.47.52:764][610]LogUObjectGlobals: Created PersistentFrame Addr=0x0000016d77882cc0, Size=4, Default__PROTO_BP_AnimBlueprint_0_C Function /Engine/Transient.PROTO_BP_AnimBlueprint_0_C:ExecuteUbergraph_PROTO_BP_AnimBlueprint_0
[2018.05.30-10.47.53:549][610]LogSlate: Took 0.007003 seconds to synchronously load lazily loaded font '../../../Engine/Content/Slate/Fonts/Roboto-BoldCondensed.ttf' (158K)
[2018.05.30-10.47.54:022][611]LogSlate: Took 0.015152 seconds to synchronously load lazily loaded font '../../../Engine/Content/Slate/Fonts/Roboto-Italic.ttf' (157K)
[2018.05.30-10.48.39:036][475]BlueprintLog: New page: Compile FirstPersonCharacter
[2018.05.30-10.48.39:046][475]LogUObjectGlobals: Destroyed PersistentFrame Addr=0x0000016d43a93e80, Size=384
[2018.05.30-10.48.39:046][475]LogUObjectGlobals: Created PersistentFrame Addr=0x0000016d3469f400, Size=384, Default__FirstPersonCharacter_C Function /Engine/Transient.REINST_FirstPersonCharacter_C_24:ExecuteUbergraph_FirstPersonCharacter
[2018.05.30-10.48.39:047][475]LogBlueprint: Warning: [Compiler FirstPersonCharacter] MyProjectCharacter.VR_MuzzleLocation is not blueprint visible (BlueprintReadOnly or BlueprintReadWrite). Please fix mark up or cease accessing as this will be made an error in a future release.  Get VR_MuzzleLocation
[2018.05.30-10.48.39:047][475]LogBlueprint: Warning: [Compiler FirstPersonCharacter] MyProjectCharacter.Mesh1P is not blueprint visible (BlueprintReadOnly or BlueprintReadWrite). Please fix mark up or cease accessing as this will be made an error in a future release.  Get Mesh1P
[2018.05.30-10.48.39:047][475]LogBlueprint: Warning: [Compiler FirstPersonCharacter] MyProjectCharacter.FP_MuzzleLocation is not blueprint visible (BlueprintReadOnly or BlueprintReadWrite). Please fix mark up or cease accessing as this will be made an error in a future release.  Get FP_MuzzleLocation
[2018.05.30-10.48.39:048][475]LogUObjectGlobals: Created PersistentFrame Addr=0x0000016d7b34ee00, Size=384, Default__FirstPersonCharacter_C Function /Game/FirstPersonCPP/Blueprints/FirstPersonCharacter.FirstPersonCharacter_C:ExecuteUbergraph_FirstPersonCharacter
[2018.05.30-10.48.39:377][475]LogBlueprint: Warning: [Compiler FirstPersonCharacter] [0113.80] Compile of FirstPersonCharacter successful, but with 3 Warning(s) [in 340 ms] (/Game/FirstPersonCPP/Blueprints/FirstPersonCharacter.FirstPersonCharacter)
[2018.05.30-10.49.43:967][639]LogTemp: Repeating last play command: Selected Viewport
[2018.05.30-10.49.43:986][639]LogBlueprintUserMessages: Early PlayInEditor Detection: Level '/Game/FirstPersonCPP/Maps/FirstPersonExampleMap.FirstPersonExampleMap:PersistentLevel' has LevelScriptBlueprint '/Game/FirstPersonCPP/Maps/FirstPersonExampleMap.FirstPersonExampleMap:PersistentLevel.FirstPersonExampleMap' with GeneratedClass '/Game/FirstPersonCPP/Maps/FirstPersonExampleMap.FirstPersonExampleMap_C' with ClassGeneratedBy '/Game/FirstPersonCPP/Maps/FirstPersonExampleMap.FirstPersonExampleMap:PersistentLevel.FirstPersonExampleMap'
[2018.05.30-10.49.43:986][639]LogPlayLevel: PlayLevel: No blueprints needed recompiling
[2018.05.30-10.49.44:076][639]PIE: New page: PIE session: FirstPersonExampleMap (May 30, 2018, 4:49:44 AM)
[2018.05.30-10.49.44:076][639]LogPlayLevel: Creating play world package: /Game/FirstPersonCPP/Maps/UEDPIE_0_FirstPersonExampleMap
[2018.05.30-10.49.44:121][639]LogPlayLevel: PIE: StaticDuplicateObject took: (0.044994s)
[2018.05.30-10.49.44:122][639]LogAIModule: Creating AISystem for world FirstPersonExampleMap
[2018.05.30-10.49.44:122][639]LogPlayLevel: PIE: World Init took: (0.000504s)
[2018.05.30-10.49.44:122][639]LogPlayLevel: PIE: Created PIE world by copying editor world from /Game/FirstPersonCPP/Maps/FirstPersonExampleMap.FirstPersonExampleMap to /Game/FirstPersonCPP/Maps/UEDPIE_0_FirstPersonExampleMap.FirstPersonExampleMap (0.045669s)
[2018.05.30-10.49.44:139][639]LogInit: XAudio2 using 'Fones de ouvido / Alto falantes (Realtek Audio)' : 2 channels at 48 kHz using 32 bits per sample (channel mask 0x3)
[2018.05.30-10.49.44:198][639]LogInit: FAudioDevice initialized.
[2018.05.30-10.49.44:251][639]LogLoad: Game class is 'MyProjectGameMode'
[2018.05.30-10.49.44:294][639]LogWorld: Bringing World /Game/FirstPersonCPP/Maps/UEDPIE_0_FirstPersonExampleMap.FirstPersonExampleMap up for play (max tick rate 0) at 2018.05.30-07.49.44
[2018.05.30-10.49.44:299][639]LogWorld: Bringing up level for play took: 0.013213
[2018.05.30-10.49.44:391][639]LogContentBrowser: Native class hierarchy updated for 'MovieSceneCapture' in 0.0005 seconds. Added 11 classes and 0 folders.
[2018.05.30-10.49.44:392][639]PIE: Play in editor start time for /Game/FirstPersonCPP/Maps/UEDPIE_0_FirstPersonExampleMap 0.27
[2018.05.30-10.49.44:392][639]LogBlueprintUserMessages: Late PlayInEditor Detection: Level '/Game/FirstPersonCPP/Maps/FirstPersonExampleMap.FirstPersonExampleMap:PersistentLevel' has LevelScriptBlueprint '/Game/FirstPersonCPP/Maps/FirstPersonExampleMap.FirstPersonExampleMap:PersistentLevel.FirstPersonExampleMap' with GeneratedClass '/Game/FirstPersonCPP/Maps/FirstPersonExampleMap.FirstPersonExampleMap_C' with ClassGeneratedBy '/Game/FirstPersonCPP/Maps/FirstPersonExampleMap.FirstPersonExampleMap:PersistentLevel.FirstPersonExampleMap'
[2018.05.30-10.50.08:928][563]LogCharacterMovement: FirstPersonCharacter_C_0 is stuck and failed to move! Velocity: X=-290.98 Y=-413.05 Z=0.00 Location: X=932.54 Y=839.07 Z=266.25 Normal: X=-0.37 Y=0.44 Z=-0.82 PenetrationDepth:0.078 Actor:EditorCube12 Component:StaticMeshComponent0 BoneName:None (0 other events since notify)
[2018.05.30-10.51.27:802][ 26]LogBlueprintUserMessages: Early EndPlayMap Detection: Level '/Game/FirstPersonCPP/Maps/FirstPersonExampleMap.FirstPersonExampleMap:PersistentLevel' has LevelScriptBlueprint '/Game/FirstPersonCPP/Maps/FirstPersonExampleMap.FirstPersonExampleMap:PersistentLevel.FirstPersonExampleMap' with GeneratedClass '/Game/FirstPersonCPP/Maps/FirstPersonExampleMap.FirstPersonExampleMap_C' with ClassGeneratedBy '/Game/FirstPersonCPP/Maps/FirstPersonExampleMap.FirstPersonExampleMap:PersistentLevel.FirstPersonExampleMap'
[2018.05.30-10.51.27:835][ 26]LogBlueprintUserMessages: Late EndPlayMap Detection: Level '/Game/FirstPersonCPP/Maps/FirstPersonExampleMap.FirstPersonExampleMap:PersistentLevel' has LevelScriptBlueprint '/Game/FirstPersonCPP/Maps/FirstPersonExampleMap.FirstPersonExampleMap:PersistentLevel.FirstPersonExampleMap' with GeneratedClass '/Game/FirstPersonCPP/Maps/FirstPersonExampleMap.FirstPersonExampleMap_C' with ClassGeneratedBy '/Game/FirstPersonCPP/Maps/FirstPersonExampleMap.FirstPersonExampleMap:PersistentLevel.FirstPersonExampleMap'
[2018.05.30-10.51.30:984][360]LogSlate: FSceneViewport::OnFocusLost() reason 2
[2018.05.30-10.51.41:568][850]LogSlate: FSceneViewport::OnFocusLost() reason 0
